
    Method: GET 
    Url: /api/v1/ 
    Date: 2025-07-11 
    Time: 13:51:03 
    Success: false  
    Message: /api/v1/ do not exist on this folder!

    
    Method: GET 
    Url: /api/v1/blocks 
    Date: 2025-07-11 
    Time: 13:52:02 
    Success: false  
    Message: /api/v1/blocks do not exist on this folder!

    
    Method: GET 
    Url: /api/v1/blocks/ 
    Date: 2025-07-11 
    Time: 13:52:29 
    Success: false  
    Message: /api/v1/blocks/ do not exist on this folder!

    
    Method: GET 
    Url: /api/v1/blocks 
    Date: 2025-07-11 
    Time: 13:52:32 
    Success: false  
    Message: /api/v1/blocks do not exist on this folder!

    
    Method: GET 
    Url: /api/v1/blocks/ 
    Date: 2025-07-11 
    Time: 13:53:36 
    Success: false  
    Message: /api/v1/blocks/ do not exist on this folder!

    
    Method: GET 
    Url: /api/v1/blocks/ 
    Date: 2025-07-11 
    Time: 13:53:37 
    Success: false  
    Message: /api/v1/blocks/ do not exist on this folder!

    
    Method: GET 
    Url: /api/v1/blocks/ 
    Date: 2025-07-11 
    Time: 13:54:55 
    Success: false  
    Message: /api/v1/blocks/ do not exist on this folder!

    
    Method: GET 
    Url: /api/v1/blocks 
    Date: 2025-07-11 
    Time: 13:54:58 
    Success: false  
    Message: /api/v1/blocks do not exist on this folder!

    
    Method: GET 
    Url: /api/v1/mine 
    Date: 2025-07-11 
    Time: 13:55:04 
    Success: false  
    Message: /api/v1/mine do not exist on this folder!

    
    Method: GET 
    Url: /api/v1/wallet/info 
    Date: 2025-07-11 
    Time: 13:56:03 
    Success: false  
    Message: /api/v1/wallet/info do not exist on this folder!

    
    Method: POST 
    Url: /api/v1/auth 
    Date: 2025-07-11 
    Time: 13:56:08 
    Success: false  
    Message: /api/v1/auth do not exist on this folder!

    
    Method: GET 
    Url: /api/v1/wallet/transactions 
    Date: 2025-07-11 
    Time: 14:04:03 
    Success: false  
    Message: Must be logged in to acces this information

    
    Method: GET 
    Url: /api/v1/wallet/transactions 
    Date: 2025-07-11 
    Time: 14:04:24 
    Success: false  
    Message: Must be logged in to acces this information

    
    Method: GET 
    Url: /api/v1/mine 
    Date: 2025-07-11 
    Time: 14:35:34 
    Success: false  
    Message: Can't find /api/v1/mine on this server!

    
    Method: GET 
    Url: /api/v1/blocks/mine 
    Date: 2025-07-11 
    Time: 14:35:48 
    Success: false  
    Message: Can't find /api/v1/blocks/mine on this server!

    
    Method: GET 
    Url: /api/v1/blocks 
    Date: 2025-07-11 
    Time: 14:38:27 
    Success: false  
    Message: next is not defined

    
    Method: GET 
    Url: /api/v1/blocks 
    Date: 2025-07-11 
    Time: 14:38:31 
    Success: false  
    Message: next is not defined

    
    Method: GET 
    Url: /api/v1/wallet/transactions 
    Date: 2025-07-11 
    Time: 14:47:43 
    Success: false  
    Message: Must be logged in to acces this information

    
    Method: GET 
    Url: /api/v1/wallet/transactions/mine 
    Date: 2025-07-11 
    Time: 14:50:09 
    Success: false  
    Message: Must be logged in to acces this information

    
    Method: POST 
    Url: /api/v1/wallet/transactions 
    Date: 2025-07-11 
    Time: 14:53:16 
    Success: false  
    Message: next is not defined

    
    Method: POST 
    Url: /api/v1/wallet/transactions 
    Date: 2025-07-11 
    Time: 14:53:21 
    Success: false  
    Message: next is not defined

    
    Method: POST 
    Url: /api/v1/wallet/transactions 
    Date: 2025-07-11 
    Time: 14:54:59 
    Success: false  
    Message: Amount and recipient are required

    
    Method: GET 
    Url: /api/v1/wallet/transactions/mine 
    Date: 2025-07-11 
    Time: 15:00:28 
    Success: false  
    Message: No transactions to mine

    
    Method: POST 
    Url: /api/v1/wallet/transactions 
    Date: 2025-07-11 
    Time: 15:00:49 
    Success: false  
    Message: Amount and recipient are required

    
    Method: GET 
    Url: /api/v1/wallet/transactions/mine 
    Date: 2025-07-11 
    Time: 15:03:39 
    Success: false  
    Message: No transactions to mine

    
    Method: POST 
    Url: /api/v1/blocks/mine 
    Date: 2025-07-11 
    Time: 15:23:04 
    Success: false  
    Message: Data is required

    
    Method: GET 
    Url: /api/blocks 
    Date: 2025-07-11 
    Time: 15:26:21 
    Success: false  
    Message: Can't find /api/blocks on this server!

    
    Method: GET 
    Url: /api/blocks 
    Date: 2025-07-11 
    Time: 15:27:13 
    Success: false  
    Message: Can't find /api/blocks on this server!

    
    Method: GET 
    Url: /api/blocks 
    Date: 2025-07-11 
    Time: 15:28:18 
    Success: false  
    Message: Can't find /api/blocks on this server!

    
    Method: GET 
    Url: /api/v1/wallet/transactions 
    Date: 2025-07-11 
    Time: 15:31:28 
    Success: false  
    Message: Must be logged in to acces this information

    
    Method: GET 
    Url: /api/v1/wallet/transactions 
    Date: 2025-07-11 
    Time: 15:31:45 
    Success: false  
    Message: Must be logged in to acces this information

    
    Method: GET 
    Url: /api/v1/wallet/transactions 
    Date: 2025-07-11 
    Time: 15:32:25 
    Success: false  
    Message: Must be logged in to acces this information

    
    Method: GET 
    Url: /api/v1/wallet/transactions 
    Date: 2025-07-11 
    Time: 15:35:35 
    Success: false  
    Message: Must be logged in to acces this information

    
    Method: POST 
    Url: /api/v1/wallet/transactions 
    Date: 2025-07-11 
    Time: 15:36:01 
    Success: false  
    Message: Cannot convert undefined or null to object

    
    Method: POST 
    Url: /api/v1/wallet/transactions 
    Date: 2025-07-11 
    Time: 15:36:29 
    Success: false  
    Message: Cannot convert undefined or null to object

    
    Method: POST 
    Url: /api/v1/wallet/transactions 
    Date: 2025-07-11 
    Time: 15:36:50 
    Success: false  
    Message: Cannot convert undefined or null to object

    
    Method: POST 
    Url: /api/v1/wallet/transactions 
    Date: 2025-07-11 
    Time: 15:37:19 
    Success: false  
    Message: Cannot convert undefined or null to object

    
    Method: GET 
    Url: /api/v1/wallet/transactions 
    Date: 2025-07-11 
    Time: 15:41:24 
    Success: false  
    Message: Must be logged in to acces this information

    
    Method: GET 
    Url: /api/v1/wallet/transactions 
    Date: 2025-07-11 
    Time: 15:41:24 
    Success: false  
    Message: Must be logged in to acces this information

    
    Method: POST 
    Url: /api/v1/wallet/transactions 
    Date: 2025-07-11 
    Time: 15:41:49 
    Success: false  
    Message: Cannot convert undefined or null to object

    
    Method: POST 
    Url: /api/v1/wallet/transactions 
    Date: 2025-07-11 
    Time: 15:41:54 
    Success: false  
    Message: Cannot convert undefined or null to object

    
    Method: POST 
    Url: /api/v1/wallet/transactions 
    Date: 2025-07-11 
    Time: 15:42:02 
    Success: false  
    Message: Cannot read properties of undefined (reading 'address')

    
    Method: POST 
    Url: /api/v1/wallet/transactions 
    Date: 2025-07-11 
    Time: 15:42:15 
    Success: false  
    Message: Cannot read properties of undefined (reading 'address')

    
    Method: POST 
    Url: /api/v1/wallet/transactions 
    Date: 2025-07-11 
    Time: 15:42:38 
    Success: false  
    Message: Cannot read properties of undefined (reading 'address')

    
    Method: GET 
    Url: /api/v1/wallet/transactions 
    Date: 2025-07-11 
    Time: 15:43:03 
    Success: false  
    Message: Must be logged in to acces this information

    
    Method: GET 
    Url: /api/v1/wallet/transactions 
    Date: 2025-07-11 
    Time: 15:43:03 
    Success: false  
    Message: Must be logged in to acces this information

    
    Method: POST 
    Url: /api/v1/wallet/transactions 
    Date: 2025-07-11 
    Time: 15:43:33 
    Success: false  
    Message: Cannot convert undefined or null to object

    
    Method: POST 
    Url: /api/v1/wallet/transactions 
    Date: 2025-07-11 
    Time: 15:44:02 
    Success: false  
    Message: Cannot read properties of undefined (reading 'address')

    
    Method: GET 
    Url: /api/v1/wallet/transactions 
    Date: 2025-07-11 
    Time: 15:45:21 
    Success: false  
    Message: Must be logged in to acces this information

    
    Method: GET 
    Url: /api/v1/wallet/transactions 
    Date: 2025-07-11 
    Time: 15:47:00 
    Success: false  
    Message: Must be logged in to acces this information

    
    Method: POST 
    Url: /api/v1/wallet/transactions 
    Date: 2025-07-11 
    Time: 15:48:34 
    Success: false  
    Message: Cannot convert undefined or null to object

    
    Method: GET 
    Url: /api/v1/wallet/transactions 
    Date: 2025-07-11 
    Time: 15:49:15 
    Success: false  
    Message: Must be logged in to acces this information

    
    Method: POST 
    Url: /api/v1/wallet/transactions 
    Date: 2025-07-11 
    Time: 15:49:22 
    Success: false  
    Message: Cannot convert undefined or null to object

    
    Method: POST 
    Url: /api/v1/wallet/transactions 
    Date: 2025-07-11 
    Time: 15:49:23 
    Success: false  
    Message: Cannot convert undefined or null to object

    
    Method: POST 
    Url: /api/v1/wallet/transactions 
    Date: 2025-07-11 
    Time: 15:49:24 
    Success: false  
    Message: Cannot convert undefined or null to object

    
    Method: GET 
    Url: /api/v1/wallet/transactions 
    Date: 2025-07-11 
    Time: 15:57:47 
    Success: false  
    Message: Must be logged in to acces this information

    
    Method: POST 
    Url: /api/v1/wallet/transactions 
    Date: 2025-07-11 
    Time: 15:57:58 
    Success: false  
    Message: Cannot convert undefined or null to object

    
    Method: GET 
    Url: /api/v1/wallet/info 
    Date: 2025-07-11 
    Time: 15:59:34 
    Success: false  
    Message: Cannot read properties of undefined (reading 'address')

    
    Method: GET 
    Url: /api/v1/wallet/info 
    Date: 2025-07-11 
    Time: 15:59:41 
    Success: false  
    Message: Cannot read properties of undefined (reading 'address')

    
    Method: GET 
    Url: /api/v1/wallet/info 
    Date: 2025-07-11 
    Time: 15:59:44 
    Success: false  
    Message: Cannot read properties of undefined (reading 'address')

    
    Method: GET 
    Url: /api/v1/wallet/info 
    Date: 2025-07-11 
    Time: 15:59:45 
    Success: false  
    Message: Cannot read properties of undefined (reading 'address')

    
    Method: GET 
    Url: /api/v1/wallet/info 
    Date: 2025-07-11 
    Time: 15:59:45 
    Success: false  
    Message: Cannot read properties of undefined (reading 'address')

    
    Method: GET 
    Url: /api/v1/wallet/info 
    Date: 2025-07-11 
    Time: 15:59:46 
    Success: false  
    Message: Cannot read properties of undefined (reading 'address')

    
    Method: GET 
    Url: /api/v1/wallet/info 
    Date: 2025-07-11 
    Time: 15:59:46 
    Success: false  
    Message: Cannot read properties of undefined (reading 'address')

    
    Method: GET 
    Url: /api/v1/wallet/info 
    Date: 2025-07-11 
    Time: 16:00:00 
    Success: false  
    Message: Cannot read properties of undefined (reading 'address')

    
    Method: GET 
    Url: /api/v1/wallet/info 
    Date: 2025-07-11 
    Time: 16:00:01 
    Success: false  
    Message: Cannot read properties of undefined (reading 'address')

    
    Method: GET 
    Url: /api/v1/wallet/transactions 
    Date: 2025-07-11 
    Time: 16:02:36 
    Success: false  
    Message: Must be logged in to acces this information

    
    Method: POST 
    Url: /api/v1/wallet/transactions 
    Date: 2025-07-11 
    Time: 16:02:58 
    Success: false  
    Message: Cannot convert undefined or null to object

    
    Method: POST 
    Url: /api/v1/wallet/transactions 
    Date: 2025-07-11 
    Time: 16:03:06 
    Success: false  
    Message: Cannot convert undefined or null to object

    
    Method: GET 
    Url: /api/v1/wallet/transactions 
    Date: 2025-07-11 
    Time: 16:06:51 
    Success: false  
    Message: Must be logged in to acces this information

    
    Method: POST 
    Url: /api/v1/wallet/transactions 
    Date: 2025-07-11 
    Time: 16:07:24 
    Success: false  
    Message: Cannot convert undefined or null to object

    
    Method: GET 
    Url: /api/v1/wallet/transactions 
    Date: 2025-07-11 
    Time: 16:07:49 
    Success: false  
    Message: Must be logged in to acces this information

    
    Method: POST 
    Url: /api/v1/wallet/transactions 
    Date: 2025-07-11 
    Time: 16:08:37 
    Success: false  
    Message: Cannot convert undefined or null to object

    
    Method: POST 
    Url: /api/v1/wallet/transactions 
    Date: 2025-07-11 
    Time: 16:08:39 
    Success: false  
    Message: Cannot convert undefined or null to object

    
    Method: POST 
    Url: /api/v1/wallet/transactions 
    Date: 2025-07-11 
    Time: 16:08:39 
    Success: false  
    Message: Cannot convert undefined or null to object

    
    Method: GET 
    Url: /api/v1/wallet/transactions 
    Date: 2025-07-11 
    Time: 16:10:33 
    Success: false  
    Message: Must be logged in to acces this information

    
    Method: GET 
    Url: /api/v1/wallet/transactions 
    Date: 2025-07-11 
    Time: 16:11:15 
    Success: false  
    Message: Must be logged in to acces this information

    
    Method: POST 
    Url: /api/v1/wallet/transactions 
    Date: 2025-07-11 
    Time: 16:13:12 
    Success: false  
    Message: Cannot convert undefined or null to object

    
    Method: GET 
    Url: /api/v1/wallet/transactions 
    Date: 2025-07-11 
    Time: 16:14:14 
    Success: false  
    Message: Must be logged in to acces this information

    
    Method: GET 
    Url: /api/v1/wallet/transactions 
    Date: 2025-07-11 
    Time: 16:16:36 
    Success: false  
    Message: Must be logged in to acces this information

    
    Method: POST 
    Url: /api/v1/wallet/transactions 
    Date: 2025-07-11 
    Time: 16:16:56 
    Success: false  
    Message: Cannot convert undefined or null to object

    
    Method: GET 
    Url: /api/v1/wallet/transactions 
    Date: 2025-07-11 
    Time: 16:21:30 
    Success: false  
    Message: Must be logged in to acces this information

    
    Method: POST 
    Url: /api/v1/wallet/transactions 
    Date: 2025-07-11 
    Time: 16:21:43 
    Success: false  
    Message: Cannot convert undefined or null to object

    
    Method: GET 
    Url: /api/v1/wallet/transactions 
    Date: 2025-07-11 
    Time: 16:22:50 
    Success: false  
    Message: Must be logged in to acces this information

    
    Method: GET 
    Url: /api/v1/wallet/transactions 
    Date: 2025-07-11 
    Time: 16:33:12 
    Success: false  
    Message: Must be logged in to acces this information

    
    Method: GET 
    Url: /api/v1/wallet/transactions 
    Date: 2025-07-11 
    Time: 16:34:14 
    Success: false  
    Message: Must be logged in to acces this information

    
    Method: GET 
    Url: /api/v1/wallet/transactions 
    Date: 2025-07-11 
    Time: 16:35:11 
    Success: false  
    Message: Must be logged in to acces this information

    
    Method: GET 
    Url: /api/v1/wallet/transactions 
    Date: 2025-07-11 
    Time: 16:37:37 
    Success: false  
    Message: Must be logged in to acces this information

    
    Method: GET 
    Url: /api/v1/wallet/transactions 
    Date: 2025-07-11 
    Time: 16:46:23 
    Success: false  
    Message: Must be logged in to acces this information

    
    Method: GET 
    Url: /api/v1/wallet/transactions 
    Date: 2025-07-11 
    Time: 16:46:23 
    Success: false  
    Message: Must be logged in to acces this information

    
    Method: GET 
    Url: /api/v1/wallet/transactions/mine 
    Date: 2025-07-11 
    Time: 16:48:20 
    Success: false  
    Message: No transactions to mine

    
    Method: GET 
    Url: /api/v1/wallet/transactions/mine 
    Date: 2025-07-11 
    Time: 16:48:44 
    Success: false  
    Message: No transactions to mine

    
    Method: GET 
    Url: /api/v1/wallet/transactions/mine 
    Date: 2025-07-11 
    Time: 16:49:31 
    Success: false  
    Message: No transactions to mine

    
    Method: GET 
    Url: /api/v1/wallet/transactions/mine 
    Date: 2025-07-11 
    Time: 16:49:32 
    Success: false  
    Message: No transactions to mine

    
    Method: GET 
    Url: /api/v1/wallet/transactions 
    Date: 2025-07-11 
    Time: 16:50:03 
    Success: false  
    Message: Must be logged in to acces this information

    
    Method: GET 
    Url: /api/v1/wallet/transactions 
    Date: 2025-07-11 
    Time: 16:50:03 
    Success: false  
    Message: Must be logged in to acces this information

    
    Method: GET 
    Url: /api/v1/wallet/transactions/mine 
    Date: 2025-07-11 
    Time: 16:50:19 
    Success: false  
    Message: No transactions to mine

    
    Method: GET 
    Url: /api/v1/wallet/transactions/mine 
    Date: 2025-07-11 
    Time: 16:50:40 
    Success: false  
    Message: No transactions to mine

    
    Method: GET 
    Url: /api/v1/wallet/transactions 
    Date: 2025-07-11 
    Time: 16:51:36 
    Success: false  
    Message: Must be logged in to acces this information

    
    Method: GET 
    Url: /api/v1/wallet/transactions 
    Date: 2025-07-11 
    Time: 16:51:36 
    Success: false  
    Message: Must be logged in to acces this information

    
    Method: GET 
    Url: /api/v1/wallet/transactions/mine 
    Date: 2025-07-11 
    Time: 16:51:54 
    Success: false  
    Message: No transactions to mine

    
    Method: GET 
    Url: /api/v1/wallet/transactions 
    Date: 2025-07-11 
    Time: 16:53:01 
    Success: false  
    Message: Must be logged in to acces this information

    
    Method: GET 
    Url: /api/v1/wallet/transactions 
    Date: 2025-07-11 
    Time: 16:53:01 
    Success: false  
    Message: Must be logged in to acces this information

    
    Method: GET 
    Url: /api/v1/wallet/transactions 
    Date: 2025-07-11 
    Time: 16:54:39 
    Success: false  
    Message: Must be logged in to acces this information

    
    Method: GET 
    Url: /api/v1/wallet/transactions 
    Date: 2025-07-11 
    Time: 16:54:39 
    Success: false  
    Message: Must be logged in to acces this information

    
    Method: GET 
    Url: /api/v1/wallet/transactions 
    Date: 2025-07-11 
    Time: 16:56:39 
    Success: false  
    Message: Must be logged in to acces this information

    
    Method: GET 
    Url: /api/v1/wallet/transactions 
    Date: 2025-07-11 
    Time: 17:00:28 
    Success: false  
    Message: Must be logged in to acces this information

    
    Method: GET 
    Url: /api/v1/wallet/transactions 
    Date: 2025-07-11 
    Time: 17:02:35 
    Success: false  
    Message: Must be logged in to acces this information

    
    Method: GET 
    Url: /api/v1/wallet/transactions 
    Date: 2025-07-11 
    Time: 17:04:59 
    Success: false  
    Message: Must be logged in to acces this information

    
    Method: GET 
    Url: /api/v1/wallet/transactions 
    Date: 2025-07-11 
    Time: 17:05:09 
    Success: false  
    Message: Must be logged in to acces this information

    
    Method: GET 
    Url: /api/v1/wallet/transactions/mine 
    Date: 2025-07-11 
    Time: 17:05:20 
    Success: false  
    Message: No transactions to mine

    
    Method: GET 
    Url: /api/v1/wallet/transactions 
    Date: 2025-07-11 
    Time: 17:06:45 
    Success: false  
    Message: Must be logged in to acces this information

    
    Method: GET 
    Url: /api/v1/wallet/transactions 
    Date: 2025-07-11 
    Time: 17:07:07 
    Success: false  
    Message: Must be logged in to acces this information

    
    Method: GET 
    Url: /api/v1/wallet/transactions 
    Date: 2025-07-11 
    Time: 17:09:16 
    Success: false  
    Message: Must be logged in to acces this information

    
    Method: GET 
    Url: /api/v1/wallet/transactions 
    Date: 2025-07-11 
    Time: 17:10:53 
    Success: false  
    Message: Must be logged in to acces this information

    
    Method: GET 
    Url: /api/v1/wallet/transactions 
    Date: 2025-07-11 
    Time: 17:10:53 
    Success: false  
    Message: Must be logged in to acces this information

    
    Method: GET 
    Url: /api/v1/wallet/transactions 
    Date: 2025-07-11 
    Time: 17:11:47 
    Success: false  
    Message: Must be logged in to acces this information

    
    Method: GET 
    Url: /api/v1/wallet/transactions 
    Date: 2025-07-11 
    Time: 17:11:47 
    Success: false  
    Message: Must be logged in to acces this information

    
    Method: GET 
    Url: /api/v1/wallet/transactions 
    Date: 2025-07-11 
    Time: 17:22:40 
    Success: false  
    Message: Must be logged in to acces this information

    
    Method: GET 
    Url: /api/v1/wallet/transactions 
    Date: 2025-07-11 
    Time: 17:22:40 
    Success: false  
    Message: Must be logged in to acces this information

    
    Method: GET 
    Url: /api/v1/wallet/transactions 
    Date: 2025-07-11 
    Time: 17:23:05 
    Success: false  
    Message: Must be logged in to acces this information

    
    Method: GET 
    Url: /api/v1/wallet/transactions 
    Date: 2025-07-11 
    Time: 17:23:05 
    Success: false  
    Message: Must be logged in to acces this information

    
    Method: GET 
    Url: /api/v1/wallet/transactions 
    Date: 2025-07-11 
    Time: 17:25:00 
    Success: false  
    Message: Must be logged in to acces this information

    
    Method: GET 
    Url: /api/v1/wallet/transactions 
    Date: 2025-07-11 
    Time: 17:25:16 
    Success: false  
    Message: Must be logged in to acces this information

    
    Method: GET 
    Url: /api/v1/wallet/transactions 
    Date: 2025-07-11 
    Time: 17:26:31 
    Success: false  
    Message: Must be logged in to acces this information

    
    Method: GET 
    Url: /api/v1/wallet/transactions 
    Date: 2025-07-11 
    Time: 17:26:31 
    Success: false  
    Message: Must be logged in to acces this information

    
    Method: GET 
    Url: /api/v1/wallet/transactions 
    Date: 2025-07-11 
    Time: 17:27:00 
    Success: false  
    Message: Must be logged in to acces this information

    
    Method: GET 
    Url: /api/v1/wallet/transactions 
    Date: 2025-07-11 
    Time: 17:27:00 
    Success: false  
    Message: Must be logged in to acces this information

    
    Method: POST 
    Url: /api/v1/users 
    Date: 2025-07-11 
    Time: 17:37:14 
    Success: false  
    Message: E11000 duplicate key error collection: blockchain.users index: email_1 dup key: { email: "wiklund.karl@gmail.com" }

    
    Method: GET 
    Url: /api/v1/wallet/transactions 
    Date: 2025-07-11 
    Time: 17:38:20 
    Success: false  
    Message: Must be logged in to acces this information

    
    Method: GET 
    Url: /api/v1/wallet/transactions 
    Date: 2025-07-11 
    Time: 22:38:45 
    Success: false  
    Message: Must be logged in to acces this information

    
    Method: GET 
    Url: /api/v1/wallet/transactions 
    Date: 2025-07-11 
    Time: 22:39:44 
    Success: false  
    Message: Must be logged in to acces this information

    
    Method: GET 
    Url: /api/v1/wallet/transactions 
    Date: 2025-07-11 
    Time: 22:41:30 
    Success: false  
    Message: Must be logged in to acces this information

    
    Method: GET 
    Url: /api/v1/wallet/transactions 
    Date: 2025-07-11 
    Time: 22:43:30 
    Success: false  
    Message: Must be logged in to acces this information

    
    Method: GET 
    Url: /api/v1/wallet/transactions 
    Date: 2025-07-11 
    Time: 22:46:05 
    Success: false  
    Message: Must be logged in to acces this information

    
    Method: GET 
    Url: /api/v1/wallet/transactions 
    Date: 2025-07-11 
    Time: 22:46:05 
    Success: false  
    Message: Must be logged in to acces this information

    
    Method: GET 
    Url: /api/v1/wallet/transactions 
    Date: 2025-07-11 
    Time: 22:46:38 
    Success: false  
    Message: Must be logged in to acces this information

    
    Method: GET 
    Url: /api/v1/wallet/transactions 
    Date: 2025-07-11 
    Time: 22:47:41 
    Success: false  
    Message: Must be logged in to acces this information

    
    Method: GET 
    Url: /api/v1/wallet/transactions 
    Date: 2025-07-11 
    Time: 22:47:41 
    Success: false  
    Message: Must be logged in to acces this information

    
    Method: GET 
    Url: /api/v1/wallet/transactions 
    Date: 2025-07-11 
    Time: 22:47:41 
    Success: false  
    Message: Must be logged in to acces this information

    
    Method: GET 
    Url: /api/v1/wallet/transactions 
    Date: 2025-07-11 
    Time: 22:48:34 
    Success: false  
    Message: Must be logged in to acces this information

    
    Method: GET 
    Url: /api/v1/wallet/transactions 
    Date: 2025-07-11 
    Time: 22:49:08 
    Success: false  
    Message: Must be logged in to acces this information

    
    Method: GET 
    Url: /api/v1/wallet/transactions 
    Date: 2025-07-11 
    Time: 22:49:23 
    Success: false  
    Message: Must be logged in to acces this information

    
    Method: GET 
    Url: /api/v1/wallet/transactions 
    Date: 2025-07-11 
    Time: 23:20:08 
    Success: false  
    Message: Must be logged in to acces this information

    
    Method: GET 
    Url: /api/v1/wallet/transactions 
    Date: 2025-07-11 
    Time: 23:22:48 
    Success: false  
    Message: Must be logged in to acces this information

    
    Method: GET 
    Url: /api/v1/wallet/transactions 
    Date: 2025-07-12 
    Time: 17:18:51 
    Success: false  
    Message: Must be logged in to acces this information

    
    Method: GET 
    Url: /api/v1/wallet/transactions 
    Date: 2025-07-12 
    Time: 17:19:32 
    Success: false  
    Message: Must be logged in to acces this information

    
    Method: GET 
    Url: /api/v1/wallet/transactions 
    Date: 2025-07-12 
    Time: 17:24:38 
    Success: false  
    Message: Must be logged in to acces this information

    
    Method: GET 
    Url: /api/v1/wallet/info 
    Date: 2025-07-12 
    Time: 17:42:29 
    Success: false  
    Message: Cannot read properties of undefined (reading 'address')

    
    Method: GET 
    Url: /api/v1/wallet/info 
    Date: 2025-07-12 
    Time: 17:42:42 
    Success: false  
    Message: Cannot read properties of undefined (reading 'address')

    
    Method: GET 
    Url: /api/v1/wallet/info 
    Date: 2025-07-12 
    Time: 17:43:24 
    Success: false  
    Message: Cannot read properties of undefined (reading 'address')

    
    Method: GET 
    Url: /api/v1/wallet/transactions 
    Date: 2025-07-12 
    Time: 17:58:42 
    Success: false  
    Message: Must be logged in to acces this information

    
    Method: POST 
    Url: /api/v1/wallet/transactions 
    Date: 2025-07-12 
    Time: 17:58:55 
    Success: false  
    Message: error is not defined

    
    Method: POST 
    Url: /api/v1/wallet/transactions 
    Date: 2025-07-12 
    Time: 17:58:56 
    Success: false  
    Message: error is not defined

    
    Method: POST 
    Url: /api/v1/wallet/transactions 
    Date: 2025-07-12 
    Time: 17:58:58 
    Success: false  
    Message: error is not defined

    
    Method: GET 
    Url: /api/v1/wallet/transactions 
    Date: 2025-07-12 
    Time: 17:59:50 
    Success: false  
    Message: Must be logged in to acces this information

    
    Method: GET 
    Url: /api/v1/wallet/transactions 
    Date: 2025-07-12 
    Time: 18:00:29 
    Success: false  
    Message: Must be logged in to acces this information

    
    Method: GET 
    Url: /api/v1/wallet/transactions 
    Date: 2025-07-12 
    Time: 18:00:41 
    Success: false  
    Message: Must be logged in to acces this information

    
    Method: GET 
    Url: /api/v1/wallet/transactions 
    Date: 2025-07-12 
    Time: 18:04:10 
    Success: false  
    Message: Must be logged in to acces this information

    
    Method: GET 
    Url: /api/v1/wallet/transactions 
    Date: 2025-07-12 
    Time: 18:14:26 
    Success: false  
    Message: Must be logged in to acces this information

    
    Method: GET 
    Url: /api/v1/wallet/transactions 
    Date: 2025-07-12 
    Time: 18:37:16 
    Success: false  
    Message: Must be logged in to acces this information

    
    Method: GET 
    Url: /api/v1/wallet/transactions 
    Date: 2025-07-12 
    Time: 18:40:25 
    Success: false  
    Message: Must be logged in to acces this information

    
    Method: GET 
    Url: /api/v1/wallet/transactions 
    Date: 2025-07-12 
    Time: 18:46:00 
    Success: false  
    Message: Must be logged in to acces this information

    
    Method: GET 
    Url: /api/v1/wallet/transactions/mine 
    Date: 2025-07-12 
    Time: 18:46:09 
    Success: false  
    Message: No transactions to mine

    
    Method: GET 
    Url: /api/v1/wallet/transactions 
    Date: 2025-07-12 
    Time: 18:47:37 
    Success: false  
    Message: Must be logged in to acces this information

    
    Method: GET 
    Url: /api/v1/wallet/transactions 
    Date: 2025-07-12 
    Time: 18:51:50 
    Success: false  
    Message: Must be logged in to acces this information

    
    Method: GET 
    Url: /api/v1/wallet/transactions 
    Date: 2025-07-12 
    Time: 18:51:50 
    Success: false  
    Message: Must be logged in to acces this information

    
    Method: GET 
    Url: /api/v1/wallet/transactions 
    Date: 2025-07-12 
    Time: 18:55:33 
    Success: false  
    Message: Must be logged in to acces this information

    
    Method: GET 
    Url: /api/v1/wallet/transactions 
    Date: 2025-07-12 
    Time: 18:55:42 
    Success: false  
    Message: Must be logged in to acces this information

    
    Method: GET 
    Url: /api/v1/wallet/transactions 
    Date: 2025-07-12 
    Time: 18:58:54 
    Success: false  
    Message: Must be logged in to acces this information

    
    Method: GET 
    Url: /api/v1/wallet/transactions 
    Date: 2025-07-12 
    Time: 18:58:54 
    Success: false  
    Message: Must be logged in to acces this information

    
    Method: GET 
    Url: /api/v1/wallet/transactions 
    Date: 2025-07-12 
    Time: 19:00:41 
    Success: false  
    Message: Must be logged in to acces this information

    
    Method: GET 
    Url: /api/v1/wallet/transactions 
    Date: 2025-07-12 
    Time: 19:00:41 
    Success: false  
    Message: Must be logged in to acces this information

    
    Method: GET 
    Url: /api/v1/wallet/transactions 
    Date: 2025-07-12 
    Time: 19:00:47 
    Success: false  
    Message: Must be logged in to acces this information

    
    Method: GET 
    Url: /api/v1/wallet/transactions 
    Date: 2025-07-12 
    Time: 19:05:56 
    Success: false  
    Message: Must be logged in to acces this information

    
    Method: GET 
    Url: /api/v1/wallet/transactions 
    Date: 2025-07-12 
    Time: 19:06:07 
    Success: false  
    Message: Must be logged in to acces this information

    
    Method: GET 
    Url: /api/v1/wallet/transactions 
    Date: 2025-07-12 
    Time: 19:06:16 
    Success: false  
    Message: Must be logged in to acces this information

    
    Method: GET 
    Url: /api/v1/wallet/transactions/mine 
    Date: 2025-07-12 
    Time: 19:07:17 
    Success: false  
    Message: No transactions to mine

    
    Method: GET 
    Url: /api/v1/wallet/transactions/mine 
    Date: 2025-07-12 
    Time: 19:07:24 
    Success: false  
    Message: No transactions to mine

    
    Method: GET 
    Url: /api/v1/wallet/transactions/mine 
    Date: 2025-07-12 
    Time: 19:07:43 
    Success: false  
    Message: No transactions to mine

    
    Method: GET 
    Url: /api/v1/wallet/transactions/mine 
    Date: 2025-07-12 
    Time: 19:08:14 
    Success: false  
    Message: No transactions to mine

    
    Method: GET 
    Url: /api/v1/wallet/transactions/mine 
    Date: 2025-07-12 
    Time: 19:11:52 
    Success: false  
    Message: No transactions to mine

    
    Method: GET 
    Url: /api/v1/wallet/transactions 
    Date: 2025-07-12 
    Time: 19:12:21 
    Success: false  
    Message: Must be logged in to acces this information

    
    Method: GET 
    Url: /api/v1/wallet/transactions 
    Date: 2025-07-12 
    Time: 19:12:28 
    Success: false  
    Message: Must be logged in to acces this information

    
    Method: GET 
    Url: /api/v1/wallet/transactions/mine 
    Date: 2025-07-12 
    Time: 19:12:41 
    Success: false  
    Message: No transactions to mine

    
    Method: GET 
    Url: /api/v1/wallet/transactions/mine 
    Date: 2025-07-12 
    Time: 19:12:54 
    Success: false  
    Message: No transactions to mine

    
    Method: GET 
    Url: /api/v1/wallet/transactions/mine 
    Date: 2025-07-12 
    Time: 19:12:55 
    Success: false  
    Message: No transactions to mine

    
    Method: GET 
    Url: /api/v1/wallet/transactions/mine 
    Date: 2025-07-12 
    Time: 19:12:56 
    Success: false  
    Message: No transactions to mine

    
    Method: GET 
    Url: /api/v1/wallet/transactions 
    Date: 2025-07-12 
    Time: 19:16:41 
    Success: false  
    Message: Must be logged in to acces this information

    
    Method: GET 
    Url: /api/v1/wallet/transactions/mine 
    Date: 2025-07-12 
    Time: 19:17:09 
    Success: false  
    Message: No transactions to mine

    
    Method: GET 
    Url: /api/v1/wallet/transactions/mine 
    Date: 2025-07-12 
    Time: 19:17:10 
    Success: false  
    Message: No transactions to mine

    
    Method: GET 
    Url: /api/v1/wallet/transactions 
    Date: 2025-07-12 
    Time: 19:17:26 
    Success: false  
    Message: Must be logged in to acces this information

    
    Method: GET 
    Url: /api/v1/wallet/transactions 
    Date: 2025-07-12 
    Time: 19:18:55 
    Success: false  
    Message: Must be logged in to acces this information

    
    Method: GET 
    Url: /api/v1/wallet/transactions/mine 
    Date: 2025-07-12 
    Time: 19:19:35 
    Success: false  
    Message: No transactions to mine

    
    Method: GET 
    Url: /api/v1/wallet/transactions/mine 
    Date: 2025-07-12 
    Time: 19:19:36 
    Success: false  
    Message: No transactions to mine

    
    Method: GET 
    Url: /api/v1/wallet/transactions/mine 
    Date: 2025-07-12 
    Time: 19:19:37 
    Success: false  
    Message: No transactions to mine

    
    Method: GET 
    Url: /api/v1/wallet/transactions/mine 
    Date: 2025-07-12 
    Time: 19:19:47 
    Success: false  
    Message: No transactions to mine

    
    Method: GET 
    Url: /api/v1/wallet/transactions 
    Date: 2025-07-12 
    Time: 19:20:17 
    Success: false  
    Message: Must be logged in to acces this information

    
    Method: GET 
    Url: /api/v1/wallet/transactions 
    Date: 2025-07-12 
    Time: 19:20:48 
    Success: false  
    Message: Must be logged in to acces this information

    
    Method: GET 
    Url: /api/v1/wallet/transactions 
    Date: 2025-07-12 
    Time: 19:21:12 
    Success: false  
    Message: Must be logged in to acces this information

    
    Method: GET 
    Url: /api/v1/wallet/transactions/mine 
    Date: 2025-07-12 
    Time: 19:21:46 
    Success: false  
    Message: No transactions to mine

    
    Method: GET 
    Url: /api/v1/wallet/transactions/mine 
    Date: 2025-07-12 
    Time: 19:21:47 
    Success: false  
    Message: No transactions to mine

    
    Method: GET 
    Url: /api/v1/wallet/transactions/mine 
    Date: 2025-07-12 
    Time: 19:21:48 
    Success: false  
    Message: No transactions to mine

    
    Method: GET 
    Url: /api/v1/wallet/transactions/mine 
    Date: 2025-07-12 
    Time: 19:21:50 
    Success: false  
    Message: No transactions to mine

    
    Method: GET 
    Url: /api/v1/wallet/transactions/mine 
    Date: 2025-07-12 
    Time: 19:22:02 
    Success: false  
    Message: No transactions to mine

    
    Method: GET 
    Url: /api/v1/wallet/transactions 
    Date: 2025-07-12 
    Time: 19:22:29 
    Success: false  
    Message: Must be logged in to acces this information

    
    Method: GET 
    Url: /api/v1/wallet/transactions 
    Date: 2025-07-12 
    Time: 19:22:29 
    Success: false  
    Message: Must be logged in to acces this information

    
    Method: GET 
    Url: /api/v1/wallet/transactions/mine 
    Date: 2025-07-12 
    Time: 19:22:53 
    Success: false  
    Message: No transactions to mine

    
    Method: GET 
    Url: /api/v1/wallet/transactions/mine 
    Date: 2025-07-12 
    Time: 19:22:54 
    Success: false  
    Message: No transactions to mine

    
    Method: GET 
    Url: /api/v1/wallet/transactions/mine 
    Date: 2025-07-12 
    Time: 19:22:55 
    Success: false  
    Message: No transactions to mine

    
    Method: GET 
    Url: /api/v1/wallet/transactions/mine 
    Date: 2025-07-12 
    Time: 19:22:56 
    Success: false  
    Message: No transactions to mine

    
    Method: GET 
    Url: /api/v1/wallet/transactions/mine 
    Date: 2025-07-12 
    Time: 19:22:56 
    Success: false  
    Message: No transactions to mine

    
    Method: GET 
    Url: /api/v1/wallet/transactions/mine 
    Date: 2025-07-12 
    Time: 19:22:57 
    Success: false  
    Message: No transactions to mine

    
    Method: GET 
    Url: /api/v1/wallet/transactions/mine 
    Date: 2025-07-12 
    Time: 19:22:57 
    Success: false  
    Message: No transactions to mine

    
    Method: GET 
    Url: /api/v1/wallet/transactions/mine 
    Date: 2025-07-12 
    Time: 19:22:58 
    Success: false  
    Message: No transactions to mine

    
    Method: GET 
    Url: /api/v1/wallet/transactions/mine 
    Date: 2025-07-12 
    Time: 19:24:04 
    Success: false  
    Message: No transactions to mine

    
    Method: GET 
    Url: /api/v1/wallet/transactions/mine 
    Date: 2025-07-12 
    Time: 19:24:05 
    Success: false  
    Message: No transactions to mine

    
    Method: GET 
    Url: /api/v1/wallet/transactions 
    Date: 2025-07-12 
    Time: 19:24:26 
    Success: false  
    Message: Must be logged in to acces this information

    
    Method: GET 
    Url: /api/v1/wallet/transactions 
    Date: 2025-07-12 
    Time: 19:24:26 
    Success: false  
    Message: Must be logged in to acces this information

    
    Method: GET 
    Url: /api/v1/wallet/transactions 
    Date: 2025-07-12 
    Time: 19:31:29 
    Success: false  
    Message: Must be logged in to acces this information

    
    Method: GET 
    Url: /api/v1/wallet/transactions/mine 
    Date: 2025-07-12 
    Time: 19:31:40 
    Success: false  
    Message: No transactions to mine

    
    Method: GET 
    Url: /api/v1/wallet/transactions/mine 
    Date: 2025-07-12 
    Time: 19:31:41 
    Success: false  
    Message: No transactions to mine

    
    Method: GET 
    Url: /api/v1/wallet/transactions 
    Date: 2025-07-12 
    Time: 19:35:46 
    Success: false  
    Message: Must be logged in to acces this information

    
    Method: GET 
    Url: /api/v1/wallet/transactions/mine 
    Date: 2025-07-12 
    Time: 19:36:41 
    Success: false  
    Message: No transactions to mine

    
    Method: GET 
    Url: /api/v1/wallet/transactions/mine 
    Date: 2025-07-12 
    Time: 19:36:44 
    Success: false  
    Message: No transactions to mine

    
    Method: GET 
    Url: /api/v1/wallet/transactions/mine 
    Date: 2025-07-12 
    Time: 19:36:54 
    Success: false  
    Message: No transactions to mine

    
    Method: GET 
    Url: /api/v1/wallet/transactions 
    Date: 2025-07-12 
    Time: 19:39:22 
    Success: false  
    Message: Must be logged in to acces this information

    
    Method: GET 
    Url: /api/v1/wallet/transactions/mine 
    Date: 2025-07-12 
    Time: 19:40:28 
    Success: false  
    Message: No transactions to mine

    
    Method: GET 
    Url: /api/v1/wallet/transactions/mine 
    Date: 2025-07-12 
    Time: 19:40:29 
    Success: false  
    Message: No transactions to mine

    
    Method: GET 
    Url: /api/v1/wallet/transactions/mine 
    Date: 2025-07-12 
    Time: 19:40:30 
    Success: false  
    Message: No transactions to mine

    
    Method: GET 
    Url: /api/v1/wallet/transactions 
    Date: 2025-07-12 
    Time: 19:47:43 
    Success: false  
    Message: Must be logged in to acces this information

    
    Method: GET 
    Url: /api/v1/wallet/transactions 
    Date: 2025-07-12 
    Time: 19:47:53 
    Success: false  
    Message: Must be logged in to acces this information

    
    Method: GET 
    Url: /api/v1/wallet/transactions 
    Date: 2025-07-12 
    Time: 19:48:01 
    Success: false  
    Message: Must be logged in to acces this information

    
    Method: GET 
    Url: /api/v1/wallet/transactions 
    Date: 2025-07-12 
    Time: 19:50:28 
    Success: false  
    Message: Must be logged in to acces this information

    
    Method: GET 
    Url: /api/v1/wallet/transactions 
    Date: 2025-07-12 
    Time: 19:50:28 
    Success: false  
    Message: Must be logged in to acces this information

    
    Method: GET 
    Url: /api/v1/wallet/transactions 
    Date: 2025-07-12 
    Time: 19:51:37 
    Success: false  
    Message: Must be logged in to acces this information

    
    Method: GET 
    Url: /api/v1/wallet/transactions 
    Date: 2025-07-12 
    Time: 19:51:37 
    Success: false  
    Message: Must be logged in to acces this information

    
    Method: GET 
    Url: /api/v1/wallet/transactions 
    Date: 2025-07-12 
    Time: 19:52:00 
    Success: false  
    Message: Must be logged in to acces this information

    
    Method: GET 
    Url: /api/v1/wallet/transactions 
    Date: 2025-07-12 
    Time: 19:52:00 
    Success: false  
    Message: Must be logged in to acces this information

    
    Method: GET 
    Url: /api/v1/wallet/transactions 
    Date: 2025-07-12 
    Time: 19:52:15 
    Success: false  
    Message: Must be logged in to acces this information

    
    Method: GET 
    Url: /api/v1/wallet/transactions 
    Date: 2025-07-12 
    Time: 19:52:15 
    Success: false  
    Message: Must be logged in to acces this information

    
    Method: GET 
    Url: /api/v1/wallet/transactions 
    Date: 2025-07-12 
    Time: 19:53:00 
    Success: false  
    Message: Must be logged in to acces this information

    
    Method: GET 
    Url: /api/v1/wallet/transactions 
    Date: 2025-07-12 
    Time: 19:53:00 
    Success: false  
    Message: Must be logged in to acces this information

    
    Method: GET 
    Url: /api/v1/wallet/transactions 
    Date: 2025-07-12 
    Time: 19:53:10 
    Success: false  
    Message: Must be logged in to acces this information

    
    Method: GET 
    Url: /api/v1/wallet/transactions/mine 
    Date: 2025-07-13 
    Time: 16:33:19 
    Success: false  
    Message: No transactions to mine

    
    Method: POST 
    Url: /api/v1/wallet/transactions/mine 
    Date: 2025-07-13 
    Time: 16:37:29 
    Success: false  
    Message: Can't find /api/v1/wallet/transactions/mine on this server!

    
    Method: POST 
    Url: /api/v1/wallet/transactions/mine 
    Date: 2025-07-13 
    Time: 16:37:33 
    Success: false  
    Message: Can't find /api/v1/wallet/transactions/mine on this server!

    
    Method: POST 
    Url: /api/v1/wallet/transactions/mine 
    Date: 2025-07-13 
    Time: 16:37:33 
    Success: false  
    Message: Can't find /api/v1/wallet/transactions/mine on this server!

    
    Method: POST 
    Url: /api/v1/wallet/transactions/mine 
    Date: 2025-07-13 
    Time: 16:37:34 
    Success: false  
    Message: Can't find /api/v1/wallet/transactions/mine on this server!

    
    Method: POST 
    Url: /api/v1/wallet/transactions/mine 
    Date: 2025-07-13 
    Time: 16:37:34 
    Success: false  
    Message: Can't find /api/v1/wallet/transactions/mine on this server!

    
    Method: POST 
    Url: /api/v1/wallet/transactions/mine 
    Date: 2025-07-13 
    Time: 16:37:34 
    Success: false  
    Message: Can't find /api/v1/wallet/transactions/mine on this server!

    
    Method: POST 
    Url: /api/v1/wallet/transactions/mine 
    Date: 2025-07-13 
    Time: 16:37:35 
    Success: false  
    Message: Can't find /api/v1/wallet/transactions/mine on this server!

    
    Method: POST 
    Url: /api/v1/wallet/transactions/mine 
    Date: 2025-07-13 
    Time: 16:37:35 
    Success: false  
    Message: Can't find /api/v1/wallet/transactions/mine on this server!

    
    Method: POST 
    Url: /api/v1/wallet/transactions/mine 
    Date: 2025-07-13 
    Time: 16:37:35 
    Success: false  
    Message: Can't find /api/v1/wallet/transactions/mine on this server!

    
    Method: POST 
    Url: /api/v1/wallet/transactions/mine 
    Date: 2025-07-13 
    Time: 16:37:35 
    Success: false  
    Message: Can't find /api/v1/wallet/transactions/mine on this server!

    
    Method: POST 
    Url: /api/v1/wallet/transactions/mine 
    Date: 2025-07-13 
    Time: 16:38:13 
    Success: false  
    Message: Can't find /api/v1/wallet/transactions/mine on this server!

    
    Method: POST 
    Url: /api/v1/wallet/transactions/mine 
    Date: 2025-07-13 
    Time: 16:38:13 
    Success: false  
    Message: Can't find /api/v1/wallet/transactions/mine on this server!

    
    Method: POST 
    Url: /api/v1/wallet/transactions/mine 
    Date: 2025-07-13 
    Time: 16:38:14 
    Success: false  
    Message: Can't find /api/v1/wallet/transactions/mine on this server!

    
    Method: GET 
    Url: /api/v1/wallet/transactions/mine 
    Date: 2025-07-13 
    Time: 16:39:39 
    Success: false  
    Message: No transactions to mine

    
    Method: POST 
    Url: /api/v1/wallet/transactions/mine 
    Date: 2025-07-13 
    Time: 16:39:55 
    Success: false  
    Message: Can't find /api/v1/wallet/transactions/mine on this server!

    
    Method: POST 
    Url: /api/v1/wallet/transactions/mine 
    Date: 2025-07-13 
    Time: 16:39:56 
    Success: false  
    Message: Can't find /api/v1/wallet/transactions/mine on this server!

    
    Method: POST 
    Url: /api/v1/wallet/transactions/mine 
    Date: 2025-07-13 
    Time: 16:39:56 
    Success: false  
    Message: Can't find /api/v1/wallet/transactions/mine on this server!

    
    Method: POST 
    Url: /api/v1/wallet/transactions/mine 
    Date: 2025-07-13 
    Time: 16:39:56 
    Success: false  
    Message: Can't find /api/v1/wallet/transactions/mine on this server!

    
    Method: POST 
    Url: /api/v1/wallet/transactions/mine 
    Date: 2025-07-13 
    Time: 16:39:56 
    Success: false  
    Message: Can't find /api/v1/wallet/transactions/mine on this server!

    
    Method: POST 
    Url: /api/v1/wallet/transactions/mine 
    Date: 2025-07-13 
    Time: 16:39:57 
    Success: false  
    Message: Can't find /api/v1/wallet/transactions/mine on this server!

    
    Method: POST 
    Url: /api/v1/wallet/transactions/mine 
    Date: 2025-07-13 
    Time: 16:39:57 
    Success: false  
    Message: Can't find /api/v1/wallet/transactions/mine on this server!

    
    Method: POST 
    Url: /api/v1/wallet/transactions/mine 
    Date: 2025-07-13 
    Time: 16:39:58 
    Success: false  
    Message: Can't find /api/v1/wallet/transactions/mine on this server!

    
    Method: POST 
    Url: /api/v1/wallet/transactions/mine 
    Date: 2025-07-13 
    Time: 16:39:58 
    Success: false  
    Message: Can't find /api/v1/wallet/transactions/mine on this server!

    
    Method: POST 
    Url: /api/v1/wallet/transactions/mine 
    Date: 2025-07-13 
    Time: 16:39:59 
    Success: false  
    Message: Can't find /api/v1/wallet/transactions/mine on this server!

    
    Method: POST 
    Url: /api/v1/wallet/transactions/mine 
    Date: 2025-07-13 
    Time: 16:39:59 
    Success: false  
    Message: Can't find /api/v1/wallet/transactions/mine on this server!

    
    Method: POST 
    Url: /api/v1/wallet/transactions/mine 
    Date: 2025-07-13 
    Time: 16:39:59 
    Success: false  
    Message: Can't find /api/v1/wallet/transactions/mine on this server!

    
    Method: POST 
    Url: /api/v1/wallet/transactions/mine 
    Date: 2025-07-13 
    Time: 16:39:59 
    Success: false  
    Message: Can't find /api/v1/wallet/transactions/mine on this server!

    
    Method: POST 
    Url: /api/v1/wallet/transactions/mine 
    Date: 2025-07-13 
    Time: 16:40:00 
    Success: false  
    Message: Can't find /api/v1/wallet/transactions/mine on this server!

    
    Method: POST 
    Url: /api/v1/wallet/transactions/mine 
    Date: 2025-07-13 
    Time: 16:41:49 
    Success: false  
    Message: Can't find /api/v1/wallet/transactions/mine on this server!

    
    Method: POST 
    Url: /api/v1/wallet/transactions/mine 
    Date: 2025-07-13 
    Time: 16:43:25 
    Success: false  
    Message: Can't find /api/v1/wallet/transactions/mine on this server!

    
    Method: POST 
    Url: /api/v1/wallet/transactions/mine 
    Date: 2025-07-13 
    Time: 16:43:26 
    Success: false  
    Message: Can't find /api/v1/wallet/transactions/mine on this server!

    
    Method: POST 
    Url: /api/v1/wallet/transactions/mine 
    Date: 2025-07-13 
    Time: 16:43:26 
    Success: false  
    Message: Can't find /api/v1/wallet/transactions/mine on this server!

    
    Method: POST 
    Url: /api/v1/wallet/transactions/mine 
    Date: 2025-07-13 
    Time: 16:43:26 
    Success: false  
    Message: Can't find /api/v1/wallet/transactions/mine on this server!

    
    Method: POST 
    Url: /api/v1/wallet/transactions/mine 
    Date: 2025-07-13 
    Time: 16:43:26 
    Success: false  
    Message: Can't find /api/v1/wallet/transactions/mine on this server!

    
    Method: POST 
    Url: /api/v1/wallet/transactions/mine 
    Date: 2025-07-13 
    Time: 16:43:27 
    Success: false  
    Message: Can't find /api/v1/wallet/transactions/mine on this server!

    
    Method: POST 
    Url: /api/v1/wallet/transactions/mine 
    Date: 2025-07-13 
    Time: 16:43:27 
    Success: false  
    Message: Can't find /api/v1/wallet/transactions/mine on this server!

    
    Method: GET 
    Url: /api/v1/wallet/transactions/mine 
    Date: 2025-07-13 
    Time: 16:44:36 
    Success: false  
    Message: No transactions to mine

    
    Method: GET 
    Url: /api/v1/wallet/transactions/mine 
    Date: 2025-07-13 
    Time: 16:53:36 
    Success: false  
    Message: No transactions to mine

    
    Method: GET 
    Url: /api/v1/wallet/transactions/mine 
    Date: 2025-07-13 
    Time: 17:00:48 
    Success: false  
    Message: No transactions to mine

    
    Method: GET 
    Url: /api/v1/wallet/transactions 
    Date: 2025-07-13 
    Time: 17:19:37 
    Success: false  
    Message: Must be logged in to acces this information

    
    Method: GET 
    Url: /api/v1/wallet/transactions 
    Date: 2025-07-13 
    Time: 17:19:54 
    Success: false  
    Message: Must be logged in to acces this information

    
    Method: GET 
    Url: /api/v1/wallet/transactions 
    Date: 2025-07-13 
    Time: 17:22:49 
    Success: false  
    Message: Must be logged in to acces this information

    
    Method: GET 
    Url: /api/v1/wallet/transactions 
    Date: 2025-07-13 
    Time: 17:24:20 
    Success: false  
    Message: Must be logged in to acces this information

    
    Method: GET 
    Url: /api/v1/wallet/transactions 
    Date: 2025-07-13 
    Time: 17:27:30 
    Success: false  
    Message: Must be logged in to acces this information

    
    Method: GET 
    Url: /api/v1/wallet/transactions 
    Date: 2025-07-13 
    Time: 17:27:30 
    Success: false  
    Message: Must be logged in to acces this information

    
    Method: GET 
    Url: /api/v1/wallet/transactions 
    Date: 2025-07-13 
    Time: 17:30:17 
    Success: false  
    Message: Must be logged in to acces this information

    
    Method: GET 
    Url: /api/v1/wallet/transactions 
    Date: 2025-07-13 
    Time: 17:30:46 
    Success: false  
    Message: Must be logged in to acces this information

    
    Method: GET 
    Url: /api/v1/wallet/transactions 
    Date: 2025-07-13 
    Time: 17:36:12 
    Success: false  
    Message: Must be logged in to acces this information

    
    Method: GET 
    Url: /api/v1/wallet/transactions 
    Date: 2025-07-13 
    Time: 17:36:53 
    Success: false  
    Message: Must be logged in to acces this information

    
    Method: GET 
    Url: /api/v1/wallet/transactions 
    Date: 2025-07-13 
    Time: 17:40:18 
    Success: false  
    Message: Must be logged in to acces this information

    
    Method: GET 
    Url: /api/v1/wallet/transactions 
    Date: 2025-07-13 
    Time: 17:41:32 
    Success: false  
    Message: Must be logged in to acces this information

    
    Method: GET 
    Url: /api/v1/wallet/transactions 
    Date: 2025-07-13 
    Time: 17:41:39 
    Success: false  
    Message: Must be logged in to acces this information

    
    Method: GET 
    Url: /api/v1/wallet/transactions 
    Date: 2025-07-13 
    Time: 17:41:59 
    Success: false  
    Message: Must be logged in to acces this information

    
    Method: GET 
    Url: /api/v1/wallet/transactions 
    Date: 2025-07-13 
    Time: 17:42:32 
    Success: false  
    Message: Must be logged in to acces this information

    
    Method: GET 
    Url: /api/v1/wallet/transactions 
    Date: 2025-07-13 
    Time: 17:43:17 
    Success: false  
    Message: Must be logged in to acces this information

    
    Method: GET 
    Url: /api/v1/wallet/transactions 
    Date: 2025-07-13 
    Time: 17:43:43 
    Success: false  
    Message: Must be logged in to acces this information

    
    Method: GET 
    Url: /api/v1/wallet/transactions 
    Date: 2025-07-13 
    Time: 17:45:19 
    Success: false  
    Message: Must be logged in to acces this information

    
    Method: GET 
    Url: /api/v1/wallet/transactions 
    Date: 2025-07-13 
    Time: 17:45:32 
    Success: false  
    Message: Must be logged in to acces this information

    
    Method: GET 
    Url: /api/v1/wallet/transactions 
    Date: 2025-07-13 
    Time: 17:48:31 
    Success: false  
    Message: Must be logged in to acces this information

    
    Method: GET 
    Url: /api/v1/wallet/transactions 
    Date: 2025-07-13 
    Time: 17:51:14 
    Success: false  
    Message: Must be logged in to acces this information

    
    Method: GET 
    Url: /api/v1/wallet/transactions 
    Date: 2025-07-13 
    Time: 17:51:49 
    Success: false  
    Message: Must be logged in to acces this information

    
    Method: GET 
    Url: /api/v1/wallet/transactions 
    Date: 2025-07-13 
    Time: 17:53:34 
    Success: false  
    Message: Must be logged in to acces this information

    
    Method: GET 
    Url: /api/v1/wallet/transactions 
    Date: 2025-07-13 
    Time: 17:55:34 
    Success: false  
    Message: Must be logged in to acces this information

    
    Method: GET 
    Url: /api/v1/wallet/transactions 
    Date: 2025-07-13 
    Time: 17:56:31 
    Success: false  
    Message: Must be logged in to acces this information

    
    Method: GET 
    Url: /api/v1/wallet/transactions 
    Date: 2025-07-13 
    Time: 17:57:05 
    Success: false  
    Message: Must be logged in to acces this information

    
    Method: GET 
    Url: /api/v1/wallet/transactions 
    Date: 2025-07-13 
    Time: 18:00:41 
    Success: false  
    Message: Must be logged in to acces this information

    
    Method: GET 
    Url: /api/v1/wallet/transactions 
    Date: 2025-07-13 
    Time: 18:03:26 
    Success: false  
    Message: Must be logged in to acces this information

    
    Method: GET 
    Url: /api/v1/wallet/transactions 
    Date: 2025-07-13 
    Time: 18:03:32 
    Success: false  
    Message: Must be logged in to acces this information

    
    Method: GET 
    Url: /api/v1/wallet/transactions 
    Date: 2025-07-13 
    Time: 18:05:00 
    Success: false  
    Message: Must be logged in to acces this information

    
    Method: GET 
    Url: /api/v1/wallet/transactions 
    Date: 2025-07-13 
    Time: 18:05:10 
    Success: false  
    Message: Must be logged in to acces this information

    
    Method: GET 
    Url: /api/v1/wallet/transactions 
    Date: 2025-07-13 
    Time: 18:11:35 
    Success: false  
    Message: Must be logged in to acces this information

    
    Method: GET 
    Url: /api/v1/wallet/transactions 
    Date: 2025-07-13 
    Time: 18:11:35 
    Success: false  
    Message: Must be logged in to acces this information

    
    Method: GET 
    Url: /api/v1/wallet/transactions 
    Date: 2025-07-13 
    Time: 18:17:35 
    Success: false  
    Message: Must be logged in to acces this information

    
    Method: GET 
    Url: /api/v1/wallet/transactions 
    Date: 2025-07-13 
    Time: 18:17:35 
    Success: false  
    Message: Must be logged in to acces this information

    
    Method: GET 
    Url: /api/v1/wallet/transactions 
    Date: 2025-07-13 
    Time: 18:18:23 
    Success: false  
    Message: Must be logged in to acces this information

    
    Method: GET 
    Url: /api/v1/wallet/transactions 
    Date: 2025-07-13 
    Time: 18:18:23 
    Success: false  
    Message: Must be logged in to acces this information

    
    Method: GET 
    Url: /api/v1/wallet/transactions 
    Date: 2025-07-13 
    Time: 18:19:39 
    Success: false  
    Message: Must be logged in to acces this information

    
    Method: GET 
    Url: /api/v1/wallet/transactions 
    Date: 2025-07-13 
    Time: 18:19:50 
    Success: false  
    Message: Must be logged in to acces this information

    
    Method: GET 
    Url: /api/v1/wallet/transactions 
    Date: 2025-07-13 
    Time: 18:22:56 
    Success: false  
    Message: Must be logged in to acces this information

    
    Method: GET 
    Url: /api/v1/wallet/transactions 
    Date: 2025-07-13 
    Time: 18:25:40 
    Success: false  
    Message: Must be logged in to acces this information

    
    Method: GET 
    Url: /api/v1/wallet/transactions 
    Date: 2025-07-13 
    Time: 18:25:40 
    Success: false  
    Message: Must be logged in to acces this information

    
    Method: GET 
    Url: /api/v1/wallet/transactions 
    Date: 2025-07-13 
    Time: 18:28:20 
    Success: false  
    Message: Must be logged in to acces this information

    
    Method: GET 
    Url: /api/v1/wallet/transactions 
    Date: 2025-07-13 
    Time: 18:28:20 
    Success: false  
    Message: Must be logged in to acces this information

    
    Method: GET 
    Url: /api/v1/wallet/transactions 
    Date: 2025-07-13 
    Time: 18:29:49 
    Success: false  
    Message: Must be logged in to acces this information

    
    Method: GET 
    Url: /api/v1/wallet/transactions 
    Date: 2025-07-13 
    Time: 18:31:26 
    Success: false  
    Message: Must be logged in to acces this information

    
    Method: GET 
    Url: /api/v1/wallet/transactions 
    Date: 2025-07-13 
    Time: 18:31:49 
    Success: false  
    Message: Must be logged in to acces this information

    
    Method: GET 
    Url: /api/v1/wallet/transactions 
    Date: 2025-07-13 
    Time: 18:33:47 
    Success: false  
    Message: Must be logged in to acces this information

    
    Method: GET 
    Url: /api/v1/wallet/transactions 
    Date: 2025-07-13 
    Time: 18:39:00 
    Success: false  
    Message: Must be logged in to acces this information

    
    Method: GET 
    Url: /api/v1/wallet/transactions 
    Date: 2025-07-13 
    Time: 18:39:32 
    Success: false  
    Message: Must be logged in to acces this information

    
    Method: GET 
    Url: /api/v1/wallet/transactions 
    Date: 2025-07-13 
    Time: 18:40:38 
    Success: false  
    Message: Must be logged in to acces this information

    